<?xml version="1.0" encoding="UTF-8"?>
<testng-results ignored="0" total="1" passed="1" failed="0" skipped="0">
  <reporter-output>
  </reporter-output>
  <suite started-at="2025-01-28T17:46:29 IST" name="Default suite" finished-at="2025-01-28T17:46:37 IST" duration-ms="8159">
    <groups>
    </groups>
    <test started-at="2025-01-28T17:46:29 IST" name="Default test" finished-at="2025-01-28T17:46:37 IST" duration-ms="8159">
      <class name="com.comcast.crm.orgtest.TC_01">
        <test-method is-config="true" signature="configBS()[pri:0, instance:com.comcast.crm.orgtest.TC_01@3c3d9b6b]" started-at="2025-01-28T17:46:29 IST" name="configBS" finished-at="2025-01-28T17:46:29 IST" duration-ms="11" status="PASS">
          <reporter-output>
          </reporter-output>
        </test-method> <!-- configBS -->
        <test-method is-config="true" signature="openBrowser(java.lang.String)[pri:0, instance:com.comcast.crm.orgtest.TC_01@3c3d9b6b]" started-at="2025-01-28T17:46:29 IST" name="openBrowser" finished-at="2025-01-28T17:46:30 IST" duration-ms="1542" status="PASS">
          <params>
            <param index="0">
              <value>
                <![CDATA[chrome]]>
              </value>
            </param>
          </params>
          <reporter-output>
          </reporter-output>
        </test-method> <!-- openBrowser -->
        <test-method is-config="true" signature="login()[pri:0, instance:com.comcast.crm.orgtest.TC_01@3c3d9b6b]" started-at="2025-01-28T17:46:30 IST" name="login" finished-at="2025-01-28T17:46:32 IST" duration-ms="1818" status="PASS">
          <reporter-output>
          </reporter-output>
        </test-method> <!-- login -->
        <test-method signature="createOrgTest()[pri:0, instance:com.comcast.crm.orgtest.TC_01@3c3d9b6b]" started-at="2025-01-28T17:46:32 IST" name="createOrgTest" finished-at="2025-01-28T17:46:36 IST" duration-ms="3790" status="PASS">
          <reporter-output>
          </reporter-output>
        </test-method> <!-- createOrgTest -->
        <test-method is-config="true" signature="logout()[pri:0, instance:com.comcast.crm.orgtest.TC_01@3c3d9b6b]" started-at="2025-01-28T17:46:36 IST" name="logout" finished-at="2025-01-28T17:46:37 IST" duration-ms="711" status="PASS">
          <reporter-output>
          </reporter-output>
        </test-method> <!-- logout -->
        <test-method is-config="true" signature="closeBrowser()[pri:0, instance:com.comcast.crm.orgtest.TC_01@3c3d9b6b]" started-at="2025-01-28T17:46:37 IST" name="closeBrowser" finished-at="2025-01-28T17:46:37 IST" duration-ms="236" status="PASS">
          <reporter-output>
          </reporter-output>
        </test-method> <!-- closeBrowser -->
        <test-method is-config="true" signature="afterSuite()[pri:0, instance:com.comcast.crm.orgtest.TC_01@3c3d9b6b]" started-at="2025-01-28T17:46:37 IST" name="afterSuite" finished-at="2025-01-28T17:46:37 IST" duration-ms="0" status="PASS">
          <reporter-output>
          </reporter-output>
        </test-method> <!-- afterSuite -->
      </class> <!-- com.comcast.crm.orgtest.TC_01 -->
    </test> <!-- Default test -->
  </suite> <!-- Default suite -->
</testng-results>
